# JRE version: Java(TM) SE Runtime Environment (8.0_131-b11) (build 1.8.0_131-b11)
# Java VM: Java HotSpot(TM) 64-Bit Server VM (25.131-b11 mixed mode windows-amd64 compressed oops)
Heap:
 PSYoungGen      total 16896K, used 9123K [0x00000000ed800000, 0x00000000eea80000, 0x0000000100000000)
  eden space 14848K, 47% used [0x00000000ed800000,0x00000000edef0c68,0x00000000ee680000)
  from space 2048K, 98% used [0x00000000ee880000,0x00000000eea78030,0x00000000eea80000)
  to   space 2048K, 0% used [0x00000000ee680000,0x00000000ee680000,0x00000000ee880000)
 ParOldGen       total 38400K, used 2403K [0x00000000c8800000, 0x00000000cad80000, 0x00000000ed800000)
  object space 38400K, 6% used [0x00000000c8800000,0x00000000c8a58d38,0x00000000cad80000)
 Metaspace       used 13428K, capacity 13624K, committed 13952K, reserved 1060864K
  class space    used 1551K, capacity 1640K, committed 1664K, reserved 1048576K
GC Heap History (4 events):
Event: 4.237 GC heap before
{Heap before GC invocations=1 (full 0):
 PSYoungGen      total 16896K, used 14848K [0x00000000ed800000, 0x00000000eea80000, 0x0000000100000000)
  eden space 14848K, 100% used [0x00000000ed800000,0x00000000ee680000,0x00000000ee680000)
  from space 2048K, 0% used [0x00000000ee880000,0x00000000ee880000,0x00000000eea80000)
  to   space 2048K, 0% used [0x00000000ee680000,0x00000000ee680000,0x00000000ee880000)
 ParOldGen       total 38400K, used 0K [0x00000000c8800000, 0x00000000cad80000, 0x00000000ed800000)
  object space 38400K, 0% used [0x00000000c8800000,0x00000000c8800000,0x00000000cad80000)
 Metaspace       used 9446K, capacity 9644K, committed 9728K, reserved 1058816K
  class space    used 1126K, capacity 1212K, committed 1280K, reserved 1048576K
Event: 4.251 GC heap after
Heap after GC invocations=1 (full 0):
 PSYoungGen      total 16896K, used 2032K [0x00000000ed800000, 0x00000000eea80000, 0x0000000100000000)
  eden space 14848K, 0% used [0x00000000ed800000,0x00000000ed800000,0x00000000ee680000)
  from space 2048K, 99% used [0x00000000ee680000,0x00000000ee87c020,0x00000000ee880000)
  to   space 2048K, 0% used [0x00000000ee880000,0x00000000ee880000,0x00000000eea80000)
 ParOldGen       total 38400K, used 1543K [0x00000000c8800000, 0x00000000cad80000, 0x00000000ed800000)
  object space 38400K, 4% used [0x00000000c8800000,0x00000000c8981ff0,0x00000000cad80000)
 Metaspace       used 9446K, capacity 9644K, committed 9728K, reserved 1058816K
  class space    used 1126K, capacity 1212K, committed 1280K, reserved 1048576K
}
Event: 31.252 GC heap before
{Heap before GC invocations=2 (full 0):
 PSYoungGen      total 16896K, used 16880K [0x00000000ed800000, 0x00000000eea80000, 0x0000000100000000)
  eden space 14848K, 100% used [0x00000000ed800000,0x00000000ee680000,0x00000000ee680000)
  from space 2048K, 99% used [0x00000000ee680000,0x00000000ee87c020,0x00000000ee880000)
  to   space 2048K, 0% used [0x00000000ee880000,0x00000000ee880000,0x00000000eea80000)
 ParOldGen       total 38400K, used 1543K [0x00000000c8800000, 0x00000000cad80000, 0x00000000ed800000)
  object space 38400K, 4% used [0x00000000c8800000,0x00000000c8981ff0,0x00000000cad80000)
 Metaspace       used 12519K, capacity 12676K, committed 12928K, reserved 1060864K
  class space    used 1466K, capacity 1540K, committed 1664K, reserved 1048576K
Event: 31.261 GC heap after
Heap after GC invocations=2 (full 0):
 PSYoungGen      total 16896K, used 2016K [0x00000000ed800000, 0x00000000eea80000, 0x0000000100000000)
  eden space 14848K, 0% used [0x00000000ed800000,0x00000000ed800000,0x00000000ee680000)
  from space 2048K, 98% used [0x00000000ee880000,0x00000000eea78030,0x00000000eea80000)
  to   space 2048K, 0% used [0x00000000ee680000,0x00000000ee680000,0x00000000ee880000)
 ParOldGen       total 38400K, used 2403K [0x00000000c8800000, 0x00000000cad80000, 0x00000000ed800000)
  object space 38400K, 6% used [0x00000000c8800000,0x00000000c8a58d38,0x00000000cad80000)
 Metaspace       used 12519K, capacity 12676K, committed 12928K, reserved 1060864K
  class space    used 1466K, capacity 1540K, committed 1664K, reserved 1048576K
}

