# JRE version: Java(TM) SE Runtime Environment (8.0_131-b11) (build 1.8.0_131-b11)
# Java VM: Java HotSpot(TM) 64-Bit Server VM (25.131-b11 mixed mode windows-amd64 compressed oops)
Heap:
 PSYoungGen      total 73728K, used 56249K [0x00000000ed800000, 0x00000000f4980000, 0x0000000100000000)
  eden space 46080K, 68% used [0x00000000ed800000,0x00000000ef6a9a10,0x00000000f0500000)
  from space 27648K, 89% used [0x00000000f2500000,0x00000000f3d44b58,0x00000000f4000000)
  to   space 32768K, 0% used [0x00000000f0500000,0x00000000f0500000,0x00000000f2500000)
 ParOldGen       total 54784K, used 35402K [0x00000000c8800000, 0x00000000cbd80000, 0x00000000ed800000)
  object space 54784K, 64% used [0x00000000c8800000,0x00000000caa92ae0,0x00000000cbd80000)
 Metaspace       used 14079K, capacity 14268K, committed 14592K, reserved 1062912K
  class space    used 1634K, capacity 1704K, committed 1792K, reserved 1048576K
GC Heap History (10 events):
Event: 23.366 GC heap before
{Heap before GC invocations=5 (full 1):
 PSYoungGen      total 16896K, used 14848K [0x00000000ed800000, 0x00000000eea80000, 0x0000000100000000)
  eden space 14848K, 100% used [0x00000000ed800000,0x00000000ee680000,0x00000000ee680000)
  from space 2048K, 0% used [0x00000000ee680000,0x00000000ee680000,0x00000000ee880000)
  to   space 2048K, 0% used [0x00000000ee880000,0x00000000ee880000,0x00000000eea80000)
 ParOldGen       total 54784K, used 14880K [0x00000000c8800000, 0x00000000cbd80000, 0x00000000ed800000)
  object space 54784K, 27% used [0x00000000c8800000,0x00000000c9688290,0x00000000cbd80000)
 Metaspace       used 13895K, capacity 14140K, committed 14336K, reserved 1062912K
  class space    used 1613K, capacity 1704K, committed 1792K, reserved 1048576K
Event: 23.371 GC heap after
Heap after GC invocations=5 (full 1):
 PSYoungGen      total 16896K, used 64K [0x00000000ed800000, 0x00000000ef680000, 0x0000000100000000)
  eden space 14848K, 0% used [0x00000000ed800000,0x00000000ed800000,0x00000000ee680000)
  from space 2048K, 3% used [0x00000000ee880000,0x00000000ee890000,0x00000000eea80000)
  to   space 2048K, 0% used [0x00000000ee680000,0x00000000ee680000,0x00000000ee880000)
 ParOldGen       total 54784K, used 23084K [0x00000000c8800000, 0x00000000cbd80000, 0x00000000ed800000)
  object space 54784K, 42% used [0x00000000c8800000,0x00000000c9e8b2b0,0x00000000cbd80000)
 Metaspace       used 13895K, capacity 14140K, committed 14336K, reserved 1062912K
  class space    used 1613K, capacity 1704K, committed 1792K, reserved 1048576K
}
Event: 23.426 GC heap before
{Heap before GC invocations=6 (full 1):
 PSYoungGen      total 16896K, used 14912K [0x00000000ed800000, 0x00000000ef680000, 0x0000000100000000)
  eden space 14848K, 100% used [0x00000000ed800000,0x00000000ee680000,0x00000000ee680000)
  from space 2048K, 3% used [0x00000000ee880000,0x00000000ee890000,0x00000000eea80000)
  to   space 2048K, 0% used [0x00000000ee680000,0x00000000ee680000,0x00000000ee880000)
 ParOldGen       total 54784K, used 23084K [0x00000000c8800000, 0x00000000cbd80000, 0x00000000ed800000)
  object space 54784K, 42% used [0x00000000c8800000,0x00000000c9e8b2b0,0x00000000cbd80000)
 Metaspace       used 13895K, capacity 14140K, committed 14336K, reserved 1062912K
  class space    used 1613K, capacity 1704K, committed 1792K, reserved 1048576K
Event: 23.428 GC heap after
Heap after GC invocations=6 (full 1):
 PSYoungGen      total 16896K, used 96K [0x00000000ed800000, 0x00000000f1e00000, 0x0000000100000000)
  eden space 14848K, 0% used [0x00000000ed800000,0x00000000ed800000,0x00000000ee680000)
  from space 2048K, 4% used [0x00000000ee680000,0x00000000ee698000,0x00000000ee880000)
  to   space 22016K, 0% used [0x00000000f0880000,0x00000000f0880000,0x00000000f1e00000)
 ParOldGen       total 54784K, used 23084K [0x00000000c8800000, 0x00000000cbd80000, 0x00000000ed800000)
  object space 54784K, 42% used [0x00000000c8800000,0x00000000c9e8b2b0,0x00000000cbd80000)
 Metaspace       used 13895K, capacity 14140K, committed 14336K, reserved 1062912K
  class space    used 1613K, capacity 1704K, committed 1792K, reserved 1048576K
}
Event: 24.116 GC heap before
{Heap before GC invocations=7 (full 1):
 PSYoungGen      total 16896K, used 12106K [0x00000000ed800000, 0x00000000f1e00000, 0x0000000100000000)
  eden space 14848K, 80% used [0x00000000ed800000,0x00000000ee3ba9d8,0x00000000ee680000)
  from space 2048K, 4% used [0x00000000ee680000,0x00000000ee698000,0x00000000ee880000)
  to   space 22016K, 0% used [0x00000000f0880000,0x00000000f0880000,0x00000000f1e00000)
 ParOldGen       total 54784K, used 23084K [0x00000000c8800000, 0x00000000cbd80000, 0x00000000ed800000)
  object space 54784K, 42% used [0x00000000c8800000,0x00000000c9e8b2b0,0x00000000cbd80000)
 Metaspace       used 14051K, capacity 14204K, committed 14592K, reserved 1062912K
  class space    used 1631K, capacity 1704K, committed 1792K, reserved 1048576K
Event: 24.122 GC heap after
Heap after GC invocations=7 (full 1):
 PSYoungGen      total 48640K, used 12454K [0x00000000ed800000, 0x00000000f2000000, 0x0000000100000000)
  eden space 26624K, 0% used [0x00000000ed800000,0x00000000ed800000,0x00000000ef200000)
  from space 22016K, 56% used [0x00000000f0880000,0x00000000f14a9830,0x00000000f1e00000)
  to   space 23040K, 0% used [0x00000000ef200000,0x00000000ef200000,0x00000000f0880000)
 ParOldGen       total 54784K, used 23084K [0x00000000c8800000, 0x00000000cbd80000, 0x00000000ed800000)
  object space 54784K, 42% used [0x00000000c8800000,0x00000000c9e8b2b0,0x00000000cbd80000)
 Metaspace       used 14051K, capacity 14204K, committed 14592K, reserved 1062912K
  class space    used 1631K, capacity 1704K, committed 1792K, reserved 1048576K
}
Event: 24.332 GC heap before
{Heap before GC invocations=8 (full 1):
 PSYoungGen      total 48640K, used 39078K [0x00000000ed800000, 0x00000000f2000000, 0x0000000100000000)
  eden space 26624K, 100% used [0x00000000ed800000,0x00000000ef200000,0x00000000ef200000)
  from space 22016K, 56% used [0x00000000f0880000,0x00000000f14a9830,0x00000000f1e00000)
  to   space 23040K, 0% used [0x00000000ef200000,0x00000000ef200000,0x00000000f0880000)
 ParOldGen       total 54784K, used 23084K [0x00000000c8800000, 0x00000000cbd80000, 0x00000000ed800000)
  object space 54784K, 42% used [0x00000000c8800000,0x00000000c9e8b2b0,0x00000000cbd80000)
 Metaspace       used 14051K, capacity 14204K, committed 14592K, reserved 1062912K
  class space    used 1631K, capacity 1704K, committed 1792K, reserved 1048576K
Event: 24.347 GC heap after
Heap after GC invocations=8 (full 1):
 PSYoungGen      total 49664K, used 20618K [0x00000000ed800000, 0x00000000f4000000, 0x0000000100000000)
  eden space 26624K, 0% used [0x00000000ed800000,0x00000000ed800000,0x00000000ef200000)
  from space 23040K, 89% used [0x00000000ef200000,0x00000000f0622850,0x00000000f0880000)
  to   space 27648K, 0% used [0x00000000f2500000,0x00000000f2500000,0x00000000f4000000)
 ParOldGen       total 54784K, used 31280K [0x00000000c8800000, 0x00000000cbd80000, 0x00000000ed800000)
  object space 54784K, 57% used [0x00000000c8800000,0x00000000ca68c2d0,0x00000000cbd80000)
 Metaspace       used 14051K, capacity 14204K, committed 14592K, reserved 1062912K
  class space    used 1631K, capacity 1704K, committed 1792K, reserved 1048576K
}
Event: 25.490 GC heap before
{Heap before GC invocations=9 (full 1):
 PSYoungGen      total 49664K, used 47242K [0x00000000ed800000, 0x00000000f4000000, 0x0000000100000000)
  eden space 26624K, 100% used [0x00000000ed800000,0x00000000ef200000,0x00000000ef200000)
  from space 23040K, 89% used [0x00000000ef200000,0x00000000f0622850,0x00000000f0880000)
  to   space 27648K, 0% used [0x00000000f2500000,0x00000000f2500000,0x00000000f4000000)
 ParOldGen       total 54784K, used 31280K [0x00000000c8800000, 0x00000000cbd80000, 0x00000000ed800000)
  object space 54784K, 57% used [0x00000000c8800000,0x00000000ca68c2d0,0x00000000cbd80000)
 Metaspace       used 14078K, capacity 14268K, committed 14592K, reserved 1062912K
  class space    used 1634K, capacity 1704K, committed 1792K, reserved 1048576K
Event: 25.502 GC heap after
Heap after GC invocations=9 (full 1):
 PSYoungGen      total 73728K, used 24850K [0x00000000ed800000, 0x00000000f4980000, 0x0000000100000000)
  eden space 46080K, 0% used [0x00000000ed800000,0x00000000ed800000,0x00000000f0500000)
  from space 27648K, 89% used [0x00000000f2500000,0x00000000f3d44b58,0x00000000f4000000)
  to   space 32768K, 0% used [0x00000000f0500000,0x00000000f0500000,0x00000000f2500000)
 ParOldGen       total 54784K, used 35402K [0x00000000c8800000, 0x00000000cbd80000, 0x00000000ed800000)
  object space 54784K, 64% used [0x00000000c8800000,0x00000000caa92ae0,0x00000000cbd80000)
 Metaspace       used 14078K, capacity 14268K, committed 14592K, reserved 1062912K
  class space    used 1634K, capacity 1704K, committed 1792K, reserved 1048576K
}

