# JRE version: Java(TM) SE Runtime Environment (8.0_131-b11) (build 1.8.0_131-b11)
# Java VM: Java HotSpot(TM) 64-Bit Server VM (25.131-b11 mixed mode windows-amd64 compressed oops)
Heap:
 PSYoungGen      total 29696K, used 700K [0x00000000ed800000, 0x00000000ef780000, 0x0000000100000000)
  eden space 27648K, 2% used [0x00000000ed800000,0x00000000ed8af0a0,0x00000000ef300000)
  from space 2048K, 0% used [0x00000000ef380000,0x00000000ef380000,0x00000000ef580000)
  to   space 512K, 0% used [0x00000000ef700000,0x00000000ef700000,0x00000000ef780000)
 ParOldGen       total 101376K, used 18900K [0x00000000c8800000, 0x00000000ceb00000, 0x00000000ed800000)
  object space 101376K, 18% used [0x00000000c8800000,0x00000000c9a75060,0x00000000ceb00000)
 Metaspace       used 14051K, capacity 14204K, committed 14592K, reserved 1062912K
  class space    used 1634K, capacity 1704K, committed 1792K, reserved 1048576K
GC Heap History (10 events):
Event: 19.848 GC heap before
{Heap before GC invocations=11 (full 3):
 PSYoungGen      total 29696K, used 27648K [0x00000000ed800000, 0x00000000ef780000, 0x0000000100000000)
  eden space 27648K, 100% used [0x00000000ed800000,0x00000000ef300000,0x00000000ef300000)
  from space 2048K, 0% used [0x00000000ef380000,0x00000000ef380000,0x00000000ef580000)
  to   space 512K, 0% used [0x00000000ef700000,0x00000000ef700000,0x00000000ef780000)
 ParOldGen       total 84992K, used 18903K [0x00000000c8800000, 0x00000000cdb00000, 0x00000000ed800000)
  object space 84992K, 22% used [0x00000000c8800000,0x00000000c9a75d40,0x00000000cdb00000)
 Metaspace       used 14047K, capacity 14204K, committed 14592K, reserved 1062912K
  class space    used 1634K, capacity 1704K, committed 1792K, reserved 1048576K
Event: 19.849 GC heap after
Heap after GC invocations=11 (full 3):
 PSYoungGen      total 28160K, used 0K [0x00000000ed800000, 0x00000000ef780000, 0x0000000100000000)
  eden space 27648K, 0% used [0x00000000ed800000,0x00000000ed800000,0x00000000ef300000)
  from space 512K, 0% used [0x00000000ef700000,0x00000000ef700000,0x00000000ef780000)
  to   space 2048K, 0% used [0x00000000ef380000,0x00000000ef380000,0x00000000ef580000)
 ParOldGen       total 84992K, used 18903K [0x00000000c8800000, 0x00000000cdb00000, 0x00000000ed800000)
  object space 84992K, 22% used [0x00000000c8800000,0x00000000c9a75d40,0x00000000cdb00000)
 Metaspace       used 14047K, capacity 14204K, committed 14592K, reserved 1062912K
  class space    used 1634K, capacity 1704K, committed 1792K, reserved 1048576K
}
Event: 20.807 GC heap before
{Heap before GC invocations=12 (full 3):
 PSYoungGen      total 28160K, used 27648K [0x00000000ed800000, 0x00000000ef780000, 0x0000000100000000)
  eden space 27648K, 100% used [0x00000000ed800000,0x00000000ef300000,0x00000000ef300000)
  from space 512K, 0% used [0x00000000ef700000,0x00000000ef700000,0x00000000ef780000)
  to   space 2048K, 0% used [0x00000000ef380000,0x00000000ef380000,0x00000000ef580000)
 ParOldGen       total 84992K, used 18903K [0x00000000c8800000, 0x00000000cdb00000, 0x00000000ed800000)
  object space 84992K, 22% used [0x00000000c8800000,0x00000000c9a75d40,0x00000000cdb00000)
 Metaspace       used 14048K, capacity 14204K, committed 14592K, reserved 1062912K
  class space    used 1634K, capacity 1704K, committed 1792K, reserved 1048576K
Event: 20.816 GC heap after
Heap after GC invocations=12 (full 3):
 PSYoungGen      total 29696K, used 160K [0x00000000ed800000, 0x00000000ef780000, 0x0000000100000000)
  eden space 27648K, 0% used [0x00000000ed800000,0x00000000ed800000,0x00000000ef300000)
  from space 2048K, 7% used [0x00000000ef380000,0x00000000ef3a8000,0x00000000ef580000)
  to   space 512K, 0% used [0x00000000ef700000,0x00000000ef700000,0x00000000ef780000)
 ParOldGen       total 84992K, used 43491K [0x00000000c8800000, 0x00000000cdb00000, 0x00000000ed800000)
  object space 84992K, 51% used [0x00000000c8800000,0x00000000cb278da0,0x00000000cdb00000)
 Metaspace       used 14048K, capacity 14204K, committed 14592K, reserved 1062912K
  class space    used 1634K, capacity 1704K, committed 1792K, reserved 1048576K
}
Event: 21.802 GC heap before
{Heap before GC invocations=13 (full 3):
 PSYoungGen      total 29696K, used 27808K [0x00000000ed800000, 0x00000000ef780000, 0x0000000100000000)
  eden space 27648K, 100% used [0x00000000ed800000,0x00000000ef300000,0x00000000ef300000)
  from space 2048K, 7% used [0x00000000ef380000,0x00000000ef3a8000,0x00000000ef580000)
  to   space 512K, 0% used [0x00000000ef700000,0x00000000ef700000,0x00000000ef780000)
 ParOldGen       total 84992K, used 43491K [0x00000000c8800000, 0x00000000cdb00000, 0x00000000ed800000)
  object space 84992K, 51% used [0x00000000c8800000,0x00000000cb278da0,0x00000000cdb00000)
 Metaspace       used 14050K, capacity 14204K, committed 14592K, reserved 1062912K
  class space    used 1634K, capacity 1704K, committed 1792K, reserved 1048576K
Event: 21.810 GC heap after
Heap after GC invocations=13 (full 3):
 PSYoungGen      total 28160K, used 128K [0x00000000ed800000, 0x00000000ef780000, 0x0000000100000000)
  eden space 27648K, 0% used [0x00000000ed800000,0x00000000ed800000,0x00000000ef300000)
  from space 512K, 25% used [0x00000000ef700000,0x00000000ef720000,0x00000000ef780000)
  to   space 2048K, 0% used [0x00000000ef380000,0x00000000ef380000,0x00000000ef580000)
 ParOldGen       total 84992K, used 59883K [0x00000000c8800000, 0x00000000cdb00000, 0x00000000ed800000)
  object space 84992K, 70% used [0x00000000c8800000,0x00000000cc27ade0,0x00000000cdb00000)
 Metaspace       used 14050K, capacity 14204K, committed 14592K, reserved 1062912K
  class space    used 1634K, capacity 1704K, committed 1792K, reserved 1048576K
}
Event: 21.810 GC heap before
{Heap before GC invocations=14 (full 4):
 PSYoungGen      total 28160K, used 128K [0x00000000ed800000, 0x00000000ef780000, 0x0000000100000000)
  eden space 27648K, 0% used [0x00000000ed800000,0x00000000ed800000,0x00000000ef300000)
  from space 512K, 25% used [0x00000000ef700000,0x00000000ef720000,0x00000000ef780000)
  to   space 2048K, 0% used [0x00000000ef380000,0x00000000ef380000,0x00000000ef580000)
 ParOldGen       total 84992K, used 59883K [0x00000000c8800000, 0x00000000cdb00000, 0x00000000ed800000)
  object space 84992K, 70% used [0x00000000c8800000,0x00000000cc27ade0,0x00000000cdb00000)
 Metaspace       used 14050K, capacity 14204K, committed 14592K, reserved 1062912K
  class space    used 1634K, capacity 1704K, committed 1792K, reserved 1048576K
Event: 21.832 GC heap after
Heap after GC invocations=14 (full 4):
 PSYoungGen      total 28160K, used 0K [0x00000000ed800000, 0x00000000ef780000, 0x0000000100000000)
  eden space 27648K, 0% used [0x00000000ed800000,0x00000000ed800000,0x00000000ef300000)
  from space 512K, 0% used [0x00000000ef700000,0x00000000ef700000,0x00000000ef780000)
  to   space 2048K, 0% used [0x00000000ef380000,0x00000000ef380000,0x00000000ef580000)
 ParOldGen       total 101376K, used 18900K [0x00000000c8800000, 0x00000000ceb00000, 0x00000000ed800000)
  object space 101376K, 18% used [0x00000000c8800000,0x00000000c9a75060,0x00000000ceb00000)
 Metaspace       used 14050K, capacity 14204K, committed 14592K, reserved 1062912K
  class space    used 1634K, capacity 1704K, committed 1792K, reserved 1048576K
}
Event: 21.902 GC heap before
{Heap before GC invocations=15 (full 4):
 PSYoungGen      total 28160K, used 27648K [0x00000000ed800000, 0x00000000ef780000, 0x0000000100000000)
  eden space 27648K, 100% used [0x00000000ed800000,0x00000000ef300000,0x00000000ef300000)
  from space 512K, 0% used [0x00000000ef700000,0x00000000ef700000,0x00000000ef780000)
  to   space 2048K, 0% used [0x00000000ef380000,0x00000000ef380000,0x00000000ef580000)
 ParOldGen       total 101376K, used 18900K [0x00000000c8800000, 0x00000000ceb00000, 0x00000000ed800000)
  object space 101376K, 18% used [0x00000000c8800000,0x00000000c9a75060,0x00000000ceb00000)
 Metaspace       used 14050K, capacity 14204K, committed 14592K, reserved 1062912K
  class space    used 1634K, capacity 1704K, committed 1792K, reserved 1048576K
Event: 21.904 GC heap after
Heap after GC invocations=15 (full 4):
 PSYoungGen      total 29696K, used 0K [0x00000000ed800000, 0x00000000ef780000, 0x0000000100000000)
  eden space 27648K, 0% used [0x00000000ed800000,0x00000000ed800000,0x00000000ef300000)
  from space 2048K, 0% used [0x00000000ef380000,0x00000000ef380000,0x00000000ef580000)
  to   space 512K, 0% used [0x00000000ef700000,0x00000000ef700000,0x00000000ef780000)
 ParOldGen       total 101376K, used 18900K [0x00000000c8800000, 0x00000000ceb00000, 0x00000000ed800000)
  object space 101376K, 18% used [0x00000000c8800000,0x00000000c9a75060,0x00000000ceb00000)
 Metaspace       used 14050K, capacity 14204K, committed 14592K, reserved 1062912K
  class space    used 1634K, capacity 1704K, committed 1792K, reserved 1048576K
}

